<?xml version="1.0" encoding="UTF-8" ?>
<testsuite tests="6" failures="0" name="TestSuite" time="246.881" errors="0" skipped="0">
  <properties>
[...]
</properties>
  <testcase classname="com.mis.market.test.ItemSkuTest" name="itemSkuTest" time="23.838"/>
  <testcase classname="com.mis.market.test.ItemSaleTest" name="itemSaleTest" time="44.17"/>
  <testcase classname="com.mis.market.test.ItemExceptionTest" name="itemExceptionTest" time="104.103"/>
  <testcase classname="com.mis.market.test.ItemCategoryTest" name="itemCategoryTest" time="20.914"/>
  <testcase classname="com.mis.market.test.MisHomegalleryTest" name="misHomegalleryTest" time="18.627"/>
  <testcase classname="com.mis.market.test.MisHomecatTest" name="misHomecatTest" time="10.784"/>
</testsuite>